<?xml version="1.0" encoding="UTF-8"?>
<testsuite xmlns:xsi="http://www.w3.org/2001/XMLSchema-instance" xsi:noNamespaceSchemaLocation="https://maven.apache.org/surefire/maven-surefire-plugin/xsd/surefire-test-report.xsd" name="br.ce.wcaquino.servicos.CalculoValorLocacaoTest" time="0.227" tests="4" errors="0" skipped="0" failures="0">
  <properties>
    <property name="awt.toolkit" value="sun.awt.X11.XToolkit"/>
    <property name="file.encoding.pkg" value="sun.io"/>
    <property name="java.specification.version" value="1.8"/>
    <property name="sun.cpu.isalist" value=""/>
    <property name="sun.jnu.encoding" value="UTF-8"/>
    <property name="java.class.path" value="/home/jean/gitProjects/cursos/TestesUnitarios/target/test-classes:/home/jean/gitProjects/cursos/TestesUnitarios/target/classes:/home/jean/.m2/repository/junit/junit/4.12/junit-4.12.jar:/home/jean/.m2/repository/org/hamcrest/hamcrest-core/1.3/hamcrest-core-1.3.jar:/home/jean/.m2/repository/org/apache/commons/commons-collections4/4.0/commons-collections4-4.0.jar:/home/jean/.m2/repository/org/mockito/mockito-all/1.10.19/mockito-all-1.10.19.jar:/home/jean/.m2/repository/org/powermock/powermock-api-mockito/1.6.6/powermock-api-mockito-1.6.6.jar:/home/jean/.m2/repository/org/mockito/mockito-core/1.10.19/mockito-core-1.10.19.jar:/home/jean/.m2/repository/org/objenesis/objenesis/2.1/objenesis-2.1.jar:/home/jean/.m2/repository/org/powermock/powermock-api-mockito-common/1.6.6/powermock-api-mockito-common-1.6.6.jar:/home/jean/.m2/repository/org/powermock/powermock-api-support/1.6.6/powermock-api-support-1.6.6.jar:/home/jean/.m2/repository/org/powermock/powermock-module-junit4/1.6.6/powermock-module-junit4-1.6.6.jar:/home/jean/.m2/repository/org/powermock/powermock-module-junit4-common/1.6.6/powermock-module-junit4-common-1.6.6.jar:/home/jean/.m2/repository/org/powermock/powermock-core/1.6.6/powermock-core-1.6.6.jar:/home/jean/.m2/repository/org/javassist/javassist/3.21.0-GA/javassist-3.21.0-GA.jar:/home/jean/.m2/repository/org/powermock/powermock-reflect/1.6.6/powermock-reflect-1.6.6.jar:"/>
    <property name="java.vm.vendor" value="Oracle Corporation"/>
    <property name="sun.arch.data.model" value="64"/>
    <property name="java.vendor.url" value="http://java.oracle.com/"/>
    <property name="user.timezone" value="America/Sao_Paulo"/>
    <property name="java.vm.specification.version" value="1.8"/>
    <property name="os.name" value="Linux"/>
    <property name="user.country" value="BR"/>
    <property name="sun.java.launcher" value="SUN_STANDARD"/>
    <property name="sun.boot.library.path" value="/opt/java/jre1.8.0_144/lib/amd64"/>
    <property name="sun.java.command" value="/home/jean/gitProjects/cursos/TestesUnitarios/target/surefire/surefirebooter4062582185624804571.jar /home/jean/gitProjects/cursos/TestesUnitarios/target/surefire 2018-05-22T21-19-13_496-jvmRun1 surefire5584120491706575610tmp surefire_07600426992486382736tmp"/>
    <property name="surefire.test.class.path" value="/home/jean/gitProjects/cursos/TestesUnitarios/target/test-classes:/home/jean/gitProjects/cursos/TestesUnitarios/target/classes:/home/jean/.m2/repository/junit/junit/4.12/junit-4.12.jar:/home/jean/.m2/repository/org/hamcrest/hamcrest-core/1.3/hamcrest-core-1.3.jar:/home/jean/.m2/repository/org/apache/commons/commons-collections4/4.0/commons-collections4-4.0.jar:/home/jean/.m2/repository/org/mockito/mockito-all/1.10.19/mockito-all-1.10.19.jar:/home/jean/.m2/repository/org/powermock/powermock-api-mockito/1.6.6/powermock-api-mockito-1.6.6.jar:/home/jean/.m2/repository/org/mockito/mockito-core/1.10.19/mockito-core-1.10.19.jar:/home/jean/.m2/repository/org/objenesis/objenesis/2.1/objenesis-2.1.jar:/home/jean/.m2/repository/org/powermock/powermock-api-mockito-common/1.6.6/powermock-api-mockito-common-1.6.6.jar:/home/jean/.m2/repository/org/powermock/powermock-api-support/1.6.6/powermock-api-support-1.6.6.jar:/home/jean/.m2/repository/org/powermock/powermock-module-junit4/1.6.6/powermock-module-junit4-1.6.6.jar:/home/jean/.m2/repository/org/powermock/powermock-module-junit4-common/1.6.6/powermock-module-junit4-common-1.6.6.jar:/home/jean/.m2/repository/org/powermock/powermock-core/1.6.6/powermock-core-1.6.6.jar:/home/jean/.m2/repository/org/javassist/javassist/3.21.0-GA/javassist-3.21.0-GA.jar:/home/jean/.m2/repository/org/powermock/powermock-reflect/1.6.6/powermock-reflect-1.6.6.jar:"/>
    <property name="sun.cpu.endian" value="little"/>
    <property name="user.home" value="/home/jean"/>
    <property name="user.language" value="pt"/>
    <property name="java.specification.vendor" value="Oracle Corporation"/>
    <property name="java.home" value="/opt/java/jre1.8.0_144"/>
    <property name="basedir" value="/home/jean/gitProjects/cursos/TestesUnitarios"/>
    <property name="file.separator" value="/"/>
    <property name="line.separator" value="&#10;"/>
    <property name="java.vm.specification.vendor" value="Oracle Corporation"/>
    <property name="java.specification.name" value="Java Platform API Specification"/>
    <property name="java.awt.graphicsenv" value="sun.awt.X11GraphicsEnvironment"/>
    <property name="surefire.real.class.path" value="/home/jean/gitProjects/cursos/TestesUnitarios/target/surefire/surefirebooter4062582185624804571.jar"/>
    <property name="sun.boot.class.path" value="/opt/java/jre1.8.0_144/lib/resources.jar:/opt/java/jre1.8.0_144/lib/rt.jar:/opt/java/jre1.8.0_144/lib/sunrsasign.jar:/opt/java/jre1.8.0_144/lib/jsse.jar:/opt/java/jre1.8.0_144/lib/jce.jar:/opt/java/jre1.8.0_144/lib/charsets.jar:/opt/java/jre1.8.0_144/lib/jfr.jar:/opt/java/jre1.8.0_144/classes"/>
    <property name="sun.management.compiler" value="HotSpot 64-Bit Tiered Compilers"/>
    <property name="java.runtime.version" value="1.8.0_144-b01"/>
    <property name="user.name" value="jean"/>
    <property name="path.separator" value=":"/>
    <property name="os.version" value="4.13.0-39-generic"/>
    <property name="java.endorsed.dirs" value="/opt/java/jre1.8.0_144/lib/endorsed"/>
    <property name="java.runtime.name" value="Java(TM) SE Runtime Environment"/>
    <property name="file.encoding" value="UTF-8"/>
    <property name="java.vm.name" value="Java HotSpot(TM) 64-Bit Server VM"/>
    <property name="localRepository" value="/home/jean/.m2/repository"/>
    <property name="java.vendor.url.bug" value="http://bugreport.sun.com/bugreport/"/>
    <property name="java.io.tmpdir" value="/tmp"/>
    <property name="java.version" value="1.8.0_144"/>
    <property name="user.dir" value="/home/jean/gitProjects/cursos/TestesUnitarios"/>
    <property name="os.arch" value="amd64"/>
    <property name="java.vm.specification.name" value="Java Virtual Machine Specification"/>
    <property name="java.awt.printerjob" value="sun.print.PSPrinterJob"/>
    <property name="sun.os.patch.level" value="unknown"/>
    <property name="java.library.path" value="/usr/java/packages/lib/amd64:/usr/lib64:/lib64:/lib:/usr/lib"/>
    <property name="java.vm.info" value="mixed mode"/>
    <property name="java.vendor" value="Oracle Corporation"/>
    <property name="java.vm.version" value="25.144-b01"/>
    <property name="java.ext.dirs" value="/opt/java/jre1.8.0_144/lib/ext:/usr/java/packages/lib/ext"/>
    <property name="sun.io.unicode.encoding" value="UnicodeLittle"/>
    <property name="java.class.version" value="52.0"/>
  </properties>
  <testcase name="deveCalcularValorDaLocacaoComsiderandoDescontos[4 Filmes: 50%]" classname="br.ce.wcaquino.servicos.CalculoValorLocacaoTest" time="0.227"/>
  <testcase name="deveCalcularValorDaLocacaoComsiderandoDescontos[5 Filmes: 75%]" classname="br.ce.wcaquino.servicos.CalculoValorLocacaoTest" time="0.218"/>
  <testcase name="deveCalcularValorDaLocacaoComsiderandoDescontos[3 Filmes: 25%]" classname="br.ce.wcaquino.servicos.CalculoValorLocacaoTest" time="0.211"/>
  <testcase name="deveCalcularValorDaLocacaoComsiderandoDescontos[6 Filmes: 100%]" classname="br.ce.wcaquino.servicos.CalculoValorLocacaoTest" time="0.198"/>
</testsuite>